-------------------------------------------------------------------------------
Test set: com.mycompany.AppTest
-------------------------------------------------------------------------------
Tests run: 1, Failures: 0, Errors: 1, Skipped: 0, Time elapsed: 0.365 sec <<< FAILURE! - in com.mycompany.AppTest
com.mycompany.AppTest  Time elapsed: 0.364 sec  <<< ERROR!
java.lang.ExceptionInInitializerError: null
	at com.mycompany.BaseTest.<clinit>(BaseTest.java:18)
	at sun.misc.Unsafe.ensureClassInitialized(Native Method)
	at sun.reflect.UnsafeFieldAccessorFactory.newFieldAccessor(UnsafeFieldAccessorFactory.java:43)
	at sun.reflect.ReflectionFactory.newFieldAccessor(ReflectionFactory.java:142)
	at java.lang.reflect.Field.acquireFieldAccessor(Field.java:1088)
	at java.lang.reflect.Field.getFieldAccessor(Field.java:1069)
	at java.lang.reflect.Field.get(Field.java:393)
	at org.junit.runners.model.FrameworkField.get(FrameworkField.java:69)
	at org.junit.runners.model.TestClass.getAnnotatedFieldValues(TestClass.java:156)
	at org.junit.runners.ParentRunner.classRules(ParentRunner.java:215)
	at org.junit.runners.ParentRunner.withClassRules(ParentRunner.java:203)
	at org.junit.runners.ParentRunner.classBlock(ParentRunner.java:163)
	at org.junit.runners.ParentRunner.run(ParentRunner.java:308)
	at org.apache.maven.surefire.junit4.JUnit4Provider.execute(JUnit4Provider.java:264)
	at org.apache.maven.surefire.junit4.JUnit4Provider.executeTestSet(JUnit4Provider.java:153)
	at org.apache.maven.surefire.junit4.JUnit4Provider.invoke(JUnit4Provider.java:124)
	at org.apache.maven.surefire.booter.ForkedBooter.invokeProviderInSameClassLoader(ForkedBooter.java:200)
	at org.apache.maven.surefire.booter.ForkedBooter.runSuitesInProcess(ForkedBooter.java:153)
	at org.apache.maven.surefire.booter.ForkedBooter.main(ForkedBooter.java:103)
Caused by: java.lang.RuntimeException: Uncompilable source code - package org.jooby.json does not exist
	at com.mycompany.App.<clinit>(App.java:7)
	at com.mycompany.BaseTest.<clinit>(BaseTest.java:18)
	at sun.misc.Unsafe.ensureClassInitialized(Native Method)
	at sun.reflect.UnsafeFieldAccessorFactory.newFieldAccessor(UnsafeFieldAccessorFactory.java:43)
	at sun.reflect.ReflectionFactory.newFieldAccessor(ReflectionFactory.java:142)
	at java.lang.reflect.Field.acquireFieldAccessor(Field.java:1088)
	at java.lang.reflect.Field.getFieldAccessor(Field.java:1069)
	at java.lang.reflect.Field.get(Field.java:393)
	at org.junit.runners.model.FrameworkField.get(FrameworkField.java:69)
	at org.junit.runners.model.TestClass.getAnnotatedFieldValues(TestClass.java:156)
	at org.junit.runners.ParentRunner.classRules(ParentRunner.java:215)
	at org.junit.runners.ParentRunner.withClassRules(ParentRunner.java:203)
	at org.junit.runners.ParentRunner.classBlock(ParentRunner.java:163)
	at org.junit.runners.ParentRunner.run(ParentRunner.java:308)
	at org.apache.maven.surefire.junit4.JUnit4Provider.execute(JUnit4Provider.java:264)
	at org.apache.maven.surefire.junit4.JUnit4Provider.executeTestSet(JUnit4Provider.java:153)
	at org.apache.maven.surefire.junit4.JUnit4Provider.invoke(JUnit4Provider.java:124)
	at org.apache.maven.surefire.booter.ForkedBooter.invokeProviderInSameClassLoader(ForkedBooter.java:200)
	at org.apache.maven.surefire.booter.ForkedBooter.runSuitesInProcess(ForkedBooter.java:153)
	at org.apache.maven.surefire.booter.ForkedBooter.main(ForkedBooter.java:103)

